2025-07-10 22:25:12 Loading main app package /usr/lib/obsidian/obsidian.asar
2025-07-10 22:25:13 Checking for update using Github
2025-07-10 22:25:13 Success.
2025-07-10 22:25:13 Latest version is 1.8.10
2025-07-10 22:25:13 App is up to date.
2025-07-12 20:15:32 Loading main app package /usr/lib/obsidian/obsidian.asar
2025-07-12 20:15:32 Checking for update using Github
2025-07-12 20:15:33 Success.
2025-07-12 20:15:33 Latest version is 1.8.10
2025-07-12 20:15:33 App is up to date.
2025-07-15 20:28:29 Loading main app package /usr/lib/obsidian/obsidian.asar
2025-07-15 20:28:30 Checking for update using Github
2025-07-15 20:28:30 Success.
2025-07-15 20:28:30 Latest version is 1.8.10
2025-07-15 20:28:30 App is up to date.
2025-07-17 17:20:41 Loading main app package /usr/lib/obsidian/obsidian.asar
2025-07-17 17:20:41 Checking for update using Github
2025-07-17 17:20:42 Success.
2025-07-17 17:20:42 Latest version is 1.8.10
2025-07-17 17:20:42 App is up to date.
2025-07-17 18:20:41 Checking for update using Github
2025-07-17 18:20:41 Success.
2025-07-17 18:20:41 Latest version is 1.8.10
2025-07-17 18:20:41 App is up to date.
2025-07-17 21:14:44 Loading main app package /usr/lib/obsidian/obsidian.asar
2025-07-17 21:14:44 Checking for update using Github
2025-07-17 21:14:44 Success.
2025-07-17 21:14:44 Latest version is 1.8.10
2025-07-17 21:14:44 App is up to date.
2025-07-17 21:34:59 Loading main app package /usr/lib/obsidian/obsidian.asar
2025-07-17 21:34:59 Checking for update using Github
2025-07-17 21:34:59 Success.
2025-07-17 21:34:59 Latest version is 1.8.10
2025-07-17 21:34:59 App is up to date.
2025-07-18 00:37:47 Loading main app package /usr/lib/obsidian/obsidian.asar
2025-07-18 00:37:47 Checking for update using Github
2025-07-18 00:37:47 Success.
2025-07-18 00:37:47 Latest version is 1.8.10
2025-07-18 00:37:47 App is up to date.
2025-07-18 00:39:11 Loading main app package /usr/lib/obsidian/obsidian.asar
2025-07-18 00:39:11 Checking for update using Github
2025-07-18 00:39:11 Success.
2025-07-18 00:39:11 Latest version is 1.8.10
2025-07-18 00:39:11 App is up to date.
2025-07-19 01:49:44 Loading main app package /usr/lib/obsidian/obsidian.asar
2025-07-19 01:49:45 Checking for update using Github
2025-07-19 01:49:45 Success.
2025-07-19 01:49:45 Latest version is 1.8.10
2025-07-19 01:49:45 App is up to date.
2025-07-19 01:49:54 Loading main app package /usr/lib/obsidian/obsidian.asar
2025-07-19 01:49:54 Checking for update using Github
2025-07-19 01:49:54 Success.
2025-07-19 01:49:54 Latest version is 1.8.10
2025-07-19 01:49:54 App is up to date.
2025-07-19 13:04:17 Loading main app package /usr/lib/obsidian/obsidian.asar
2025-07-19 13:04:17 Checking for update using Github
2025-07-19 13:04:17 Success.
2025-07-19 13:04:17 Latest version is 1.8.10
2025-07-19 13:04:17 App is up to date.
2025-07-19 13:30:43 Loading main app package /usr/lib/obsidian/obsidian.asar
2025-07-19 13:30:43 Checking for update using Github
2025-07-19 13:30:43 Success.
2025-07-19 13:30:43 Latest version is 1.8.10
2025-07-19 13:30:43 App is up to date.
2025-07-19 19:46:43 Loading main app package /usr/lib/obsidian/obsidian.asar
2025-07-19 19:46:43 Checking for update using Github
2025-07-19 19:46:43 Success.
2025-07-19 19:46:43 Latest version is 1.8.10
2025-07-19 19:46:43 App is up to date.
2025-07-19 21:58:38 Loading main app package /usr/lib/obsidian/obsidian.asar
2025-07-19 21:58:39 Checking for update using Github
2025-07-19 21:58:39 Success.
2025-07-19 21:58:39 Latest version is 1.8.10
2025-07-19 21:58:39 App is up to date.
2025-07-19 23:03:26 Loading main app package /usr/lib/obsidian/obsidian.asar
2025-07-19 23:03:26 Checking for update using Github
2025-07-19 23:03:27 Success.
2025-07-19 23:03:27 Latest version is 1.8.10
2025-07-19 23:03:27 App is up to date.
2025-07-19 23:05:52 Loading main app package /usr/lib/obsidian/obsidian.asar
2025-07-19 23:05:52 Checking for update using Github
2025-07-19 23:05:52 Success.
2025-07-19 23:05:52 Latest version is 1.8.10
2025-07-19 23:05:52 App is up to date.
2025-07-19 23:06:30 Loading main app package /usr/lib/obsidian/obsidian.asar
2025-07-19 23:06:30 Checking for update using Github
2025-07-19 23:06:30 Success.
2025-07-19 23:06:30 Latest version is 1.8.10
2025-07-19 23:06:30 App is up to date.
2025-07-19 23:06:55 Loading main app package /usr/lib/obsidian/obsidian.asar
2025-07-19 23:06:55 Checking for update using Github
2025-07-19 23:06:55 Success.
2025-07-19 23:06:55 Latest version is 1.8.10
2025-07-19 23:06:55 App is up to date.
2025-07-19 23:12:34 Loading main app package /usr/lib/obsidian/obsidian.asar
2025-07-19 23:12:34 Checking for update using Github
2025-07-19 23:12:35 Success.
2025-07-19 23:12:35 Latest version is 1.8.10
2025-07-19 23:12:35 App is up to date.
2025-07-19 23:43:02 Loading main app package /usr/lib/obsidian/obsidian.asar
2025-07-19 23:43:02 Checking for update using Github
2025-07-19 23:43:02 Success.
2025-07-19 23:43:02 Latest version is 1.8.10
2025-07-19 23:43:02 App is up to date.
2025-07-20 00:52:21 Loading main app package /usr/lib/obsidian/obsidian.asar
2025-07-20 00:52:21 Checking for update using Github
2025-07-20 00:52:21 Success.
2025-07-20 00:52:21 Latest version is 1.8.10
2025-07-20 00:52:21 App is up to date.
2025-07-20 01:24:57 Loading main app package /usr/lib/obsidian/obsidian.asar
2025-07-20 01:24:58 Checking for update using Github
2025-07-20 01:24:58 Success.
2025-07-20 01:24:58 Latest version is 1.8.10
2025-07-20 01:24:58 App is up to date.
2025-07-20 01:50:28 Loading main app package /usr/lib/obsidian/obsidian.asar
2025-07-20 01:50:28 Checking for update using Github
2025-07-20 01:50:28 Success.
2025-07-20 01:50:28 Latest version is 1.8.10
2025-07-20 01:50:28 App is up to date.
2025-07-20 01:59:40 Loading main app package /usr/lib/obsidian/obsidian.asar
2025-07-20 01:59:40 Checking for update using Github
2025-07-20 01:59:40 Success.
2025-07-20 01:59:40 Latest version is 1.8.10
2025-07-20 01:59:40 App is up to date.
2025-07-21 23:33:52 Loading main app package /usr/lib/obsidian/obsidian.asar
2025-07-21 23:33:53 Checking for update using Github
2025-07-21 23:33:53 Success.
2025-07-21 23:33:53 Latest version is 1.8.10
2025-07-21 23:33:53 App is up to date.
2025-07-21 23:52:56 Loading main app package /usr/lib/obsidian/obsidian.asar
2025-07-21 23:52:56 Checking for update using Github
2025-07-21 23:52:56 Success.
2025-07-21 23:52:56 Latest version is 1.8.10
2025-07-21 23:52:56 App is up to date.
2025-07-22 00:10:24 Loading main app package /usr/lib/obsidian/obsidian.asar
2025-07-22 00:10:24 Checking for update using Github
2025-07-22 00:10:24 Success.
2025-07-22 00:10:24 Latest version is 1.8.10
2025-07-22 00:10:24 App is up to date.
2025-07-22 18:16:02 Loading main app package /usr/lib/obsidian/obsidian.asar
2025-07-22 18:16:02 Checking for update using Github
2025-07-22 18:16:03 Success.
2025-07-22 18:16:03 Latest version is 1.8.10
2025-07-22 18:16:03 App is up to date.
2025-07-23 21:17:22 Loading main app package /usr/lib/obsidian/obsidian.asar
2025-07-23 21:17:22 Checking for update using Github
2025-07-23 21:17:23 Success.
2025-07-23 21:17:23 Latest version is 1.8.10
2025-07-23 21:17:23 App is up to date.
2025-07-23 23:51:35 Loading main app package /usr/lib/obsidian/obsidian.asar
2025-07-23 23:51:36 Checking for update using Github
2025-07-23 23:51:36 Success.
2025-07-23 23:51:36 Latest version is 1.8.10
2025-07-23 23:51:36 App is up to date.
2025-07-24 00:51:35 Checking for update using Github
2025-07-24 00:51:35 Success.
2025-07-24 00:51:35 Latest version is 1.8.10
2025-07-24 00:51:35 App is up to date.
2025-07-24 17:02:14 Loading main app package /usr/lib/obsidian/obsidian.asar
2025-07-24 17:02:15 Checking for update using Github
2025-07-24 17:02:15 Success.
2025-07-24 17:02:15 Latest version is 1.8.10
2025-07-24 17:02:15 App is up to date.
2025-07-24 17:59:17 Loading main app package /usr/lib/obsidian/obsidian.asar
2025-07-24 17:59:17 Checking for update using Github
2025-07-24 18:02:14 Checking for update using Github
2025-07-24 18:02:15 Success.
2025-07-24 18:02:15 Latest version is 1.8.10
2025-07-24 18:02:15 App is up to date.
2025-07-24 19:02:14 Checking for update using Github
2025-07-24 19:02:15 Success.
2025-07-24 19:02:15 Latest version is 1.8.10
2025-07-24 19:02:15 App is up to date.
2025-07-24 20:02:14 Checking for update using Github
2025-07-24 20:02:15 Success.
2025-07-24 20:02:15 Latest version is 1.8.10
2025-07-24 20:02:15 App is up to date.
2025-07-24 21:02:14 Checking for update using Github
2025-07-24 21:02:15 Success.
2025-07-24 21:02:15 Latest version is 1.8.10
2025-07-24 21:02:15 App is up to date.
2025-07-24 22:02:14 Checking for update using Github
2025-07-24 22:02:15 Success.
2025-07-24 22:02:15 Latest version is 1.8.10
2025-07-24 22:02:15 App is up to date.
2025-07-24 22:32:03 Loading main app package /usr/lib/obsidian/obsidian.asar
2025-07-24 22:32:03 Checking for update using Github
2025-07-24 22:32:03 Success.
2025-07-24 22:32:03 Latest version is 1.8.10
2025-07-24 22:32:03 App is up to date.
2025-07-24 23:32:03 Checking for update using Github
2025-07-24 23:32:03 Success.
2025-07-24 23:32:03 Latest version is 1.8.10
2025-07-24 23:32:03 App is up to date.
2025-07-25 00:32:03 Checking for update using Github
2025-07-25 00:32:03 Success.
2025-07-25 00:32:03 Latest version is 1.8.10
2025-07-25 00:32:03 App is up to date.
2025-07-25 01:32:03 Checking for update using Github
2025-07-25 01:32:03 Success.
2025-07-25 01:32:03 Latest version is 1.8.10
2025-07-25 01:32:03 App is up to date.
2025-07-25 14:01:04 Loading main app package /usr/lib/obsidian/obsidian.asar
2025-07-25 14:01:05 Checking for update using Github
2025-07-25 14:01:05 Success.
2025-07-25 14:01:05 Latest version is 1.8.10
2025-07-25 14:01:05 App is up to date.
2025-07-25 15:10:05 Loading main app package /usr/lib/obsidian/obsidian.asar
2025-07-25 15:10:06 Checking for update using Github
2025-07-25 15:10:06 Success.
2025-07-25 15:10:06 Latest version is 1.8.10
2025-07-25 15:10:06 App is up to date.
2025-07-25 16:10:05 Checking for update using Github
2025-07-25 16:10:05 Success.
2025-07-25 16:10:05 Latest version is 1.8.10
2025-07-25 16:10:05 App is up to date.
2025-07-25 16:34:47 Loading main app package /usr/lib/obsidian/obsidian.asar
2025-07-25 16:34:47 Checking for update using Github
2025-07-25 16:34:47 Success.
2025-07-25 16:34:47 Latest version is 1.8.10
2025-07-25 16:34:47 App is up to date.
2025-07-25 18:07:02 Loading main app package /usr/lib/obsidian/obsidian.asar
2025-07-25 18:07:02 Checking for update using Github
2025-07-25 18:07:02 Success.
2025-07-25 18:07:02 Latest version is 1.8.10
2025-07-25 18:07:02 App is up to date.
2025-07-25 22:36:05 Loading main app package /usr/lib/obsidian/obsidian.asar
2025-07-25 22:36:05 Checking for update using Github
2025-07-25 22:36:05 Success.
2025-07-25 22:36:05 Latest version is 1.8.10
2025-07-25 22:36:05 App is up to date.
2025-07-26 04:04:49 Loading main app package /usr/lib/obsidian/obsidian.asar
2025-07-26 04:04:50 Checking for update using Github
2025-07-26 04:04:50 Success.
2025-07-26 04:04:50 Latest version is 1.8.10
2025-07-26 04:04:50 App is up to date.
2025-07-26 17:33:06 Loading main app package /usr/lib/obsidian/obsidian.asar
2025-07-26 17:33:06 Checking for update using Github
2025-07-26 17:33:06 Success.
2025-07-26 17:33:06 Latest version is 1.8.10
2025-07-26 17:33:06 App is up to date.
2025-07-26 19:53:41 Loading main app package /usr/lib/obsidian/obsidian.asar
2025-07-26 19:53:41 Checking for update using Github
2025-07-26 19:53:41 Success.
2025-07-26 19:53:41 Latest version is 1.8.10
2025-07-26 19:53:41 App is up to date.
2025-07-28 00:39:15 Loading main app package /usr/lib/obsidian/obsidian.asar
2025-07-28 00:39:15 Checking for update using Github
2025-07-28 00:39:15 Success.
2025-07-28 00:39:15 Latest version is 1.8.10
2025-07-28 00:39:15 App is up to date.
2025-07-28 20:36:01 Loading main app package /usr/lib/obsidian/obsidian.asar
2025-07-28 20:36:01 Checking for update using Github
2025-07-28 20:36:01 Success.
2025-07-28 20:36:01 Latest version is 1.8.10
2025-07-28 20:36:01 App is up to date.
2025-07-28 21:36:01 Checking for update using Github
2025-07-28 21:36:01 Success.
2025-07-28 21:36:01 Latest version is 1.8.10
2025-07-28 21:36:01 App is up to date.
2025-07-29 00:03:01 Loading main app package /usr/lib/obsidian/obsidian.asar
2025-07-29 00:03:01 Checking for update using Github
2025-07-29 00:03:02 Success.
2025-07-29 00:03:02 Latest version is 1.8.10
2025-07-29 00:03:02 App is up to date.
2025-07-29 00:54:50 Loading main app package /usr/lib/obsidian/obsidian.asar
2025-07-29 00:54:50 Checking for update using Github
2025-07-29 00:54:51 Success.
2025-07-29 00:54:51 Latest version is 1.8.10
2025-07-29 00:54:51 App is up to date.
2025-07-29 01:20:05 Loading main app package /usr/lib/obsidian/obsidian.asar
2025-07-29 01:20:05 Checking for update using Github
2025-07-29 01:20:06 Success.
2025-07-29 01:20:06 Latest version is 1.8.10
2025-07-29 01:20:06 App is up to date.
2025-07-29 17:34:10 Loading main app package /usr/lib/obsidian/obsidian.asar
2025-07-29 17:34:10 Checking for update using Github
2025-07-29 17:34:11 Success.
2025-07-29 17:34:11 Latest version is 1.8.10
2025-07-29 17:34:11 App is up to date.
2025-07-29 20:44:21 Loading main app package /usr/lib/obsidian/obsidian.asar
2025-07-29 20:44:21 Checking for update using Github
2025-07-29 20:44:21 Success.
2025-07-29 20:44:21 Latest version is 1.8.10
2025-07-29 20:44:21 App is up to date.
2025-07-29 22:19:09 Loading main app package /usr/lib/obsidian/obsidian.asar
2025-07-29 22:19:09 Checking for update using Github
2025-07-29 22:19:09 Success.
2025-07-29 22:19:09 Latest version is 1.8.10
2025-07-29 22:19:09 App is up to date.
2025-07-30 18:18:16 Loading main app package /usr/lib/obsidian/obsidian.asar
2025-07-30 18:18:17 Checking for update using Github
2025-07-30 18:18:17 Success.
2025-07-30 18:18:17 Latest version is 1.8.10
2025-07-30 18:18:17 App is up to date.
2025-07-30 19:26:42 Loading main app package /usr/lib/obsidian/obsidian.asar
2025-07-30 19:26:43 Checking for update using Github
2025-07-30 19:26:43 Success.
2025-07-30 19:26:43 Latest version is 1.8.10
2025-07-30 19:26:43 App is up to date.
2025-07-31 18:28:32 Loading main app package /usr/lib/obsidian/obsidian.asar
2025-07-31 18:28:32 Checking for update using Github
2025-07-31 18:28:33 Success.
2025-07-31 18:28:33 Latest version is 1.8.10
2025-07-31 18:28:33 App is up to date.
2025-07-31 18:28:38 Loading main app package /usr/lib/obsidian/obsidian.asar
2025-07-31 18:28:38 Checking for update using Github
2025-07-31 18:28:39 Success.
2025-07-31 18:28:39 Latest version is 1.8.10
2025-07-31 18:28:39 App is up to date.
2025-07-31 20:38:57 Loading main app package /usr/lib/obsidian/obsidian.asar
2025-07-31 20:38:57 Checking for update using Github
2025-07-31 20:38:58 Success.
2025-07-31 20:38:58 Latest version is 1.8.10
2025-07-31 20:38:58 App is up to date.
2025-07-31 21:38:57 Checking for update using Github
2025-07-31 21:38:57 Success.
2025-07-31 21:38:57 Latest version is 1.8.10
2025-07-31 21:38:57 App is up to date.
2025-07-31 23:30:30 Loading main app package /usr/lib/obsidian/obsidian.asar
2025-07-31 23:30:31 Checking for update using Github
2025-07-31 23:30:31 Success.
2025-07-31 23:30:31 Latest version is 1.8.10
2025-07-31 23:30:31 App is up to date.
2025-07-31 23:32:53 Loading main app package /usr/lib/obsidian/obsidian.asar
2025-07-31 23:32:54 Checking for update using Github
2025-07-31 23:32:54 Success.
2025-07-31 23:32:54 Latest version is 1.8.10
2025-07-31 23:32:54 App is up to date.
2025-08-01 16:17:02 Loading main app package /usr/lib/obsidian/obsidian.asar
2025-08-01 16:17:03 Checking for update using Github
2025-08-01 16:17:03 Success.
2025-08-01 16:17:03 Latest version is 1.8.10
2025-08-01 16:17:03 App is up to date.
2025-08-01 21:17:35 Loading main app package /usr/lib/obsidian/obsidian.asar
2025-08-01 21:17:35 Checking for update using Github
2025-08-01 21:17:35 Success.
2025-08-01 21:17:35 Latest version is 1.8.10
2025-08-01 21:17:35 App is up to date.
2025-08-01 21:20:06 Loading main app package /usr/lib/obsidian/obsidian.asar
2025-08-01 21:20:07 Checking for update using Github
2025-08-01 21:20:07 Success.
2025-08-01 21:20:07 Latest version is 1.8.10
2025-08-01 21:20:07 App is up to date.
2025-08-02 00:04:36 Loading main app package /usr/lib/obsidian/obsidian.asar
2025-08-02 00:04:37 Checking for update using Github
2025-08-02 00:04:37 Success.
2025-08-02 00:04:37 Latest version is 1.8.10
2025-08-02 00:04:37 App is up to date.
