2025-08-01 22:26:19.966 [info] [main] Log level: Info
2025-08-01 22:26:19.966 [info] [main] Validating found git in: "git"
2025-08-01 22:26:19.966 [info] [main] Using git "2.50.1" from "git"
2025-08-01 22:26:19.966 [info] [Model][doInitialScan] Initial repository scan started
2025-08-01 22:26:19.966 [info] > git rev-parse --show-toplevel [1ms]
2025-08-01 22:26:19.966 [info] fatal: not a git repository (or any parent up to mount point /)
Stopping at filesystem boundary (GIT_DISCOVERY_ACROSS_FILESYSTEM not set).
2025-08-01 22:26:19.966 [info] [Model][doInitialScan] Initial repository scan completed - repositories (0), closed repositories (0), parent repositories (0), unsafe repositories (0)
2025-08-01 22:26:23.173 [info] > git rev-parse --show-toplevel [1ms]
2025-08-01 22:26:23.173 [info] fatal: not a git repository (or any parent up to mount point /)
Stopping at filesystem boundary (GIT_DISCOVERY_ACROSS_FILESYSTEM not set).
2025-08-01 22:26:31.265 [info] [main] Log level: Info
2025-08-01 22:26:31.265 [info] [main] Validating found git in: "git"
2025-08-01 22:26:31.265 [info] [main] Using git "2.50.1" from "git"
2025-08-01 22:26:31.265 [info] [Model][doInitialScan] Initial repository scan started
2025-08-01 22:26:31.265 [info] > git rev-parse --show-toplevel [7ms]
2025-08-01 22:26:31.265 [info] fatal: not a git repository (or any parent up to mount point /)
Stopping at filesystem boundary (GIT_DISCOVERY_ACROSS_FILESYSTEM not set).
2025-08-01 22:26:31.272 [info] > git rev-parse --show-toplevel [2ms]
2025-08-01 22:26:31.272 [info] fatal: not a git repository (or any parent up to mount point /)
Stopping at filesystem boundary (GIT_DISCOVERY_ACROSS_FILESYSTEM not set).
2025-08-01 22:26:31.276 [info] > git rev-parse --show-toplevel [1ms]
2025-08-01 22:26:31.276 [info] fatal: not a git repository (or any parent up to mount point /)
Stopping at filesystem boundary (GIT_DISCOVERY_ACROSS_FILESYSTEM not set).
2025-08-01 22:26:31.283 [info] > git rev-parse --show-toplevel [3ms]
2025-08-01 22:26:31.283 [info] fatal: not a git repository (or any parent up to mount point /)
Stopping at filesystem boundary (GIT_DISCOVERY_ACROSS_FILESYSTEM not set).
2025-08-01 22:26:31.285 [info] [Model][doInitialScan] Initial repository scan completed - repositories (0), closed repositories (0), parent repositories (0), unsafe repositories (0)
2025-08-01 22:26:32.558 [info] > git rev-parse --show-toplevel [1ms]
2025-08-01 22:26:32.558 [info] fatal: not a git repository (or any parent up to mount point /)
Stopping at filesystem boundary (GIT_DISCOVERY_ACROSS_FILESYSTEM not set).
2025-08-01 22:26:32.742 [info] > git rev-parse --show-toplevel [2ms]
2025-08-01 22:26:32.742 [info] fatal: not a git repository (or any parent up to mount point /)
Stopping at filesystem boundary (GIT_DISCOVERY_ACROSS_FILESYSTEM not set).
2025-08-01 22:26:40.428 [info] > git rev-parse --show-toplevel [2ms]
2025-08-01 22:26:40.428 [info] fatal: not a git repository (or any parent up to mount point /)
Stopping at filesystem boundary (GIT_DISCOVERY_ACROSS_FILESYSTEM not set).
